Connecting to database specified by database.yml
  [1m[36m (0.2ms)[0m  [1mselect sqlite_version(*)[0m
  [1m[35m (15.7ms)[0m  CREATE TABLE "schema_migrations" ("version" varchar(255) NOT NULL) 
  [1m[36m (19.9ms)[0m  [1mCREATE UNIQUE INDEX "unique_schema_migrations" ON "schema_migrations" ("version")[0m
  [1m[35m (12.2ms)[0m  SELECT "schema_migrations"."version" FROM "schema_migrations" 
Migrating to CreateMovies (20111119180638)
  [1m[36m (0.1ms)[0m  [1mbegin transaction[0m
  [1m[35m (0.6ms)[0m  CREATE TABLE "movies" ("id" INTEGER PRIMARY KEY AUTOINCREMENT NOT NULL, "title" varchar(255), "rating" varchar(255), "description" text, "release_date" datetime, "created_at" datetime NOT NULL, "updated_at" datetime NOT NULL) 
  [1m[36m (0.2ms)[0m  [1mINSERT INTO "schema_migrations" ("version") VALUES ('20111119180638')[0m
  [1m[35m (44.5ms)[0m  commit transaction
  [1m[36m (0.1ms)[0m  [1mSELECT "schema_migrations"."version" FROM "schema_migrations" [0m
Connecting to database specified by database.yml
  [1m[36m (5.8ms)[0m  [1mSELECT "schema_migrations"."version" FROM "schema_migrations" [0m
  [1m[35m (0.1ms)[0m  begin transaction
  [1m[36mSQL (5.4ms)[0m  [1mINSERT INTO "movies" ("created_at", "description", "rating", "release_date", "title", "updated_at") VALUES (?, ?, ?, ?, ?, ?)[0m  [["created_at", Sun, 30 Nov 2014 10:13:19 UTC +00:00], ["description", nil], ["rating", "G"], ["release_date", Wed, 25 Nov 1992 00:00:00 UTC +00:00], ["title", "Aladdin"], ["updated_at", Sun, 30 Nov 2014 10:13:19 UTC +00:00]]
  [1m[35m (36.5ms)[0m  commit transaction
  [1m[36m (0.1ms)[0m  [1mbegin transaction[0m
  [1m[35mSQL (0.5ms)[0m  INSERT INTO "movies" ("created_at", "description", "rating", "release_date", "title", "updated_at") VALUES (?, ?, ?, ?, ?, ?)  [["created_at", Sun, 30 Nov 2014 10:13:19 UTC +00:00], ["description", nil], ["rating", "R"], ["release_date", Fri, 26 Oct 1984 00:00:00 UTC +00:00], ["title", "The Terminator"], ["updated_at", Sun, 30 Nov 2014 10:13:19 UTC +00:00]]
  [1m[36m (14.1ms)[0m  [1mcommit transaction[0m
  [1m[35m (0.1ms)[0m  begin transaction
  [1m[36mSQL (0.5ms)[0m  [1mINSERT INTO "movies" ("created_at", "description", "rating", "release_date", "title", "updated_at") VALUES (?, ?, ?, ?, ?, ?)[0m  [["created_at", Sun, 30 Nov 2014 10:13:19 UTC +00:00], ["description", nil], ["rating", "R"], ["release_date", Fri, 21 Jul 1989 00:00:00 UTC +00:00], ["title", "When Harry Met Sally"], ["updated_at", Sun, 30 Nov 2014 10:13:19 UTC +00:00]]
  [1m[35m (13.0ms)[0m  commit transaction
  [1m[36m (0.1ms)[0m  [1mbegin transaction[0m
  [1m[35mSQL (0.5ms)[0m  INSERT INTO "movies" ("created_at", "description", "rating", "release_date", "title", "updated_at") VALUES (?, ?, ?, ?, ?, ?)  [["created_at", Sun, 30 Nov 2014 10:13:19 UTC +00:00], ["description", nil], ["rating", "PG-13"], ["release_date", Wed, 10 Aug 2011 00:00:00 UTC +00:00], ["title", "The Help"], ["updated_at", Sun, 30 Nov 2014 10:13:19 UTC +00:00]]
  [1m[36m (14.5ms)[0m  [1mcommit transaction[0m
  [1m[35m (0.1ms)[0m  begin transaction
  [1m[36mSQL (0.5ms)[0m  [1mINSERT INTO "movies" ("created_at", "description", "rating", "release_date", "title", "updated_at") VALUES (?, ?, ?, ?, ?, ?)[0m  [["created_at", Sun, 30 Nov 2014 10:13:19 UTC +00:00], ["description", nil], ["rating", "PG-13"], ["release_date", Fri, 05 Jan 2001 00:00:00 UTC +00:00], ["title", "Chocolat"], ["updated_at", Sun, 30 Nov 2014 10:13:19 UTC +00:00]]
  [1m[35m (13.2ms)[0m  commit transaction
  [1m[36m (0.1ms)[0m  [1mbegin transaction[0m
  [1m[35mSQL (0.5ms)[0m  INSERT INTO "movies" ("created_at", "description", "rating", "release_date", "title", "updated_at") VALUES (?, ?, ?, ?, ?, ?)  [["created_at", Sun, 30 Nov 2014 10:13:19 UTC +00:00], ["description", nil], ["rating", "R"], ["release_date", Wed, 25 Apr 2001 00:00:00 UTC +00:00], ["title", "Amelie"], ["updated_at", Sun, 30 Nov 2014 10:13:19 UTC +00:00]]
  [1m[36m (12.1ms)[0m  [1mcommit transaction[0m
  [1m[35m (0.1ms)[0m  begin transaction
  [1m[36mSQL (0.5ms)[0m  [1mINSERT INTO "movies" ("created_at", "description", "rating", "release_date", "title", "updated_at") VALUES (?, ?, ?, ?, ?, ?)[0m  [["created_at", Sun, 30 Nov 2014 10:13:19 UTC +00:00], ["description", nil], ["rating", "G"], ["release_date", Sat, 06 Apr 1968 00:00:00 UTC +00:00], ["title", "2001: A Space Odyssey"], ["updated_at", Sun, 30 Nov 2014 10:13:19 UTC +00:00]]
  [1m[35m (12.9ms)[0m  commit transaction
  [1m[36m (0.1ms)[0m  [1mbegin transaction[0m
  [1m[35mSQL (0.5ms)[0m  INSERT INTO "movies" ("created_at", "description", "rating", "release_date", "title", "updated_at") VALUES (?, ?, ?, ?, ?, ?)  [["created_at", Sun, 30 Nov 2014 10:13:19 UTC +00:00], ["description", nil], ["rating", "PG"], ["release_date", Fri, 05 Nov 2004 00:00:00 UTC +00:00], ["title", "The Incredibles"], ["updated_at", Sun, 30 Nov 2014 10:13:19 UTC +00:00]]
  [1m[36m (11.2ms)[0m  [1mcommit transaction[0m
  [1m[35m (0.1ms)[0m  begin transaction
  [1m[36mSQL (0.5ms)[0m  [1mINSERT INTO "movies" ("created_at", "description", "rating", "release_date", "title", "updated_at") VALUES (?, ?, ?, ?, ?, ?)[0m  [["created_at", Sun, 30 Nov 2014 10:13:19 UTC +00:00], ["description", nil], ["rating", "PG"], ["release_date", Fri, 12 Jun 1981 00:00:00 UTC +00:00], ["title", "Raiders of the Lost Ark"], ["updated_at", Sun, 30 Nov 2014 10:13:19 UTC +00:00]]
  [1m[35m (12.1ms)[0m  commit transaction
  [1m[36m (0.1ms)[0m  [1mbegin transaction[0m
  [1m[35mSQL (0.5ms)[0m  INSERT INTO "movies" ("created_at", "description", "rating", "release_date", "title", "updated_at") VALUES (?, ?, ?, ?, ?, ?)  [["created_at", Sun, 30 Nov 2014 10:13:19 UTC +00:00], ["description", nil], ["rating", "G"], ["release_date", Wed, 21 Jun 2000 00:00:00 UTC +00:00], ["title", "Chicken Run"], ["updated_at", Sun, 30 Nov 2014 10:13:19 UTC +00:00]]
  [1m[36m (12.6ms)[0m  [1mcommit transaction[0m


Started GET "/assets/rails.png" for 93.70.142.50 at 2014-11-30 10:13:56 +0000
Connecting to database specified by database.yml
Served asset /rails.png - 200 OK (6ms)


Started GET "/movies" for 93.70.142.50 at 2014-11-30 10:14:03 +0000
Processing by MoviesController#index as HTML
  [1m[36mMovie Load (0.3ms)[0m  [1mSELECT "movies".* FROM "movies" [0m
  Rendered movies/index.html.haml within layouts/application (10.4ms)
Compiled application.css  (0ms)  (pid 15255)
Compiled jquery.js  (3ms)  (pid 15255)
Compiled jquery_ujs.js  (0ms)  (pid 15255)
Compiled application.js  (29ms)  (pid 15255)
Completed 200 OK in 316.6ms (Views: 207.9ms | ActiveRecord: 3.3ms)


Started GET "/assets/application.css?body=1" for 93.70.142.50 at 2014-11-30 10:14:04 +0000
Served asset /application.css - 200 OK (9ms)


Started GET "/assets/application.js?body=1" for 93.70.142.50 at 2014-11-30 10:14:04 +0000
Served asset /application.js - 200 OK (140ms)


Started GET "/assets/jquery.js?body=1" for 93.70.142.50 at 2014-11-30 10:14:04 +0000
Served asset /jquery.js - 200 OK (11ms)


Started GET "/assets/jquery_ujs.js?body=1" for 93.70.142.50 at 2014-11-30 10:14:04 +0000
Served asset /jquery_ujs.js - 200 OK (3ms)


Started GET "/assets/rails.png" for 93.70.142.50 at 2014-11-30 11:13:50 +0000
Connecting to database specified by database.yml
Served asset /rails.png - 304 Not Modified (2ms)


Started GET "/assets/rails.png" for 93.70.142.50 at 2014-11-30 11:13:57 +0000
Served asset /rails.png - 304 Not Modified (0ms)
Connecting to database specified by database.yml


Started GET "/assets/rails.png" for 93.70.142.50 at 2014-11-30 11:17:46 +0000
Served asset /rails.png - 304 Not Modified (0ms)


Started GET "/assets/rails.png" for 93.70.142.50 at 2014-11-30 11:18:06 +0000
Connecting to database specified by database.yml
Served asset /rails.png - 304 Not Modified (2ms)


Started GET "/movies" for 93.70.142.50 at 2014-11-30 11:18:14 +0000
Processing by MoviesController#index as HTML
  [1m[36mMovie Load (0.2ms)[0m  [1mSELECT "movies".* FROM "movies" [0m
  Rendered movies/index.html.haml within layouts/application (14.3ms)
Completed 200 OK in 178.5ms (Views: 82.8ms | ActiveRecord: 3.2ms)


Started GET "/assets/application.css?body=1" for 93.70.142.50 at 2014-11-30 11:18:14 +0000
Served asset /application.css - 200 OK (2ms)


Started GET "/assets/jquery_ujs.js?body=1" for 93.70.142.50 at 2014-11-30 11:18:14 +0000
Served asset /jquery_ujs.js - 200 OK (3ms)


Started GET "/assets/jquery.js?body=1" for 93.70.142.50 at 2014-11-30 11:18:14 +0000
Served asset /jquery.js - 200 OK (3ms)


Started GET "/assets/application.js?body=1" for 93.70.142.50 at 2014-11-30 11:18:14 +0000
Served asset /application.js - 304 Not Modified (12ms)


Started GET "/" for 93.70.142.50 at 2014-11-30 11:21:55 +0000

SyntaxError (/home/action/workspace/cs169-1x/hw2/rails-intro/config/routes.rb:52: syntax error, unexpected tSTRING_BEG, expecting keyword_do or '{' or '('
  root :to => redirect '/index'
                        ^):
  activesupport (3.2.18) lib/active_support/dependencies.rb:245:in `load'
  activesupport (3.2.18) lib/active_support/dependencies.rb:245:in `block in load'
  activesupport (3.2.18) lib/active_support/dependencies.rb:236:in `load_dependency'
  activesupport (3.2.18) lib/active_support/dependencies.rb:245:in `load'
  railties (3.2.18) lib/rails/application/routes_reloader.rb:40:in `block in load_paths'
  railties (3.2.18) lib/rails/application/routes_reloader.rb:40:in `each'
  railties (3.2.18) lib/rails/application/routes_reloader.rb:40:in `load_paths'
  railties (3.2.18) lib/rails/application/routes_reloader.rb:16:in `reload!'
  railties (3.2.18) lib/rails/application/routes_reloader.rb:26:in `block in updater'
  activesupport (3.2.18) lib/active_support/file_update_checker.rb:78:in `call'
  activesupport (3.2.18) lib/active_support/file_update_checker.rb:78:in `execute'
  activesupport (3.2.18) lib/active_support/file_update_checker.rb:86:in `execute_if_updated'
  railties (3.2.18) lib/rails/application/routes_reloader.rb:7:in `execute_if_updated'
  railties (3.2.18) lib/rails/application/finisher.rb:68:in `block (2 levels) in <module:Finisher>'
  activesupport (3.2.18) lib/active_support/callbacks.rb:429:in `_run__988657900755495190__prepare__302372311205866877__callbacks'
  activesupport (3.2.18) lib/active_support/callbacks.rb:405:in `__run_callback'
  activesupport (3.2.18) lib/active_support/callbacks.rb:385:in `_run_prepare_callbacks'
  activesupport (3.2.18) lib/active_support/callbacks.rb:81:in `run_callbacks'
  actionpack (3.2.18) lib/action_dispatch/middleware/reloader.rb:74:in `prepare!'
  actionpack (3.2.18) lib/action_dispatch/middleware/reloader.rb:64:in `call'
  actionpack (3.2.18) lib/action_dispatch/middleware/remote_ip.rb:31:in `call'
  actionpack (3.2.18) lib/action_dispatch/middleware/debug_exceptions.rb:16:in `call'
  actionpack (3.2.18) lib/action_dispatch/middleware/show_exceptions.rb:56:in `call'
  railties (3.2.18) lib/rails/rack/logger.rb:32:in `call_app'
  railties (3.2.18) lib/rails/rack/logger.rb:16:in `block in call'
  activesupport (3.2.18) lib/active_support/tagged_logging.rb:22:in `tagged'
  railties (3.2.18) lib/rails/rack/logger.rb:16:in `call'
  actionpack (3.2.18) lib/action_dispatch/middleware/request_id.rb:22:in `call'
  rack (1.4.5) lib/rack/methodoverride.rb:21:in `call'
  rack (1.4.5) lib/rack/runtime.rb:17:in `call'
  activesupport (3.2.18) lib/active_support/cache/strategy/local_cache.rb:72:in `call'
  rack (1.4.5) lib/rack/lock.rb:15:in `call'
  actionpack (3.2.18) lib/action_dispatch/middleware/static.rb:63:in `call'
  railties (3.2.18) lib/rails/engine.rb:484:in `call'
  railties (3.2.18) lib/rails/application.rb:231:in `call'
  rack (1.4.5) lib/rack/content_length.rb:14:in `call'
  railties (3.2.18) lib/rails/rack/log_tailer.rb:17:in `call'
  rack (1.4.5) lib/rack/handler/webrick.rb:59:in `service'
  /home/action/.rvm/rubies/ruby-1.9.3-p551/lib/ruby/1.9.1/webrick/httpserver.rb:138:in `service'
  /home/action/.rvm/rubies/ruby-1.9.3-p551/lib/ruby/1.9.1/webrick/httpserver.rb:94:in `run'
  /home/action/.rvm/rubies/ruby-1.9.3-p551/lib/ruby/1.9.1/webrick/server.rb:191:in `block in start_thread'


  Rendered /home/action/.rvm/gems/ruby-1.9.3-p551/gems/actionpack-3.2.18/lib/action_dispatch/middleware/templates/rescues/_trace.erb (1.7ms)
  Rendered /home/action/.rvm/gems/ruby-1.9.3-p551/gems/actionpack-3.2.18/lib/action_dispatch/middleware/templates/rescues/_request_and_response.erb (1.2ms)
  Rendered /home/action/.rvm/gems/ruby-1.9.3-p551/gems/actionpack-3.2.18/lib/action_dispatch/middleware/templates/rescues/diagnostics.erb within rescues/layout (23.2ms)


Started GET "/" for 93.70.142.50 at 2014-11-30 11:22:22 +0000


Started GET "/index" for 93.70.142.50 at 2014-11-30 11:22:22 +0000

ActionController::RoutingError (No route matches [GET] "/index"):
  actionpack (3.2.18) lib/action_dispatch/middleware/debug_exceptions.rb:21:in `call'
  actionpack (3.2.18) lib/action_dispatch/middleware/show_exceptions.rb:56:in `call'
  railties (3.2.18) lib/rails/rack/logger.rb:32:in `call_app'
  railties (3.2.18) lib/rails/rack/logger.rb:16:in `block in call'
  activesupport (3.2.18) lib/active_support/tagged_logging.rb:22:in `tagged'
  railties (3.2.18) lib/rails/rack/logger.rb:16:in `call'
  actionpack (3.2.18) lib/action_dispatch/middleware/request_id.rb:22:in `call'
  rack (1.4.5) lib/rack/methodoverride.rb:21:in `call'
  rack (1.4.5) lib/rack/runtime.rb:17:in `call'
  activesupport (3.2.18) lib/active_support/cache/strategy/local_cache.rb:72:in `call'
  rack (1.4.5) lib/rack/lock.rb:15:in `call'
  actionpack (3.2.18) lib/action_dispatch/middleware/static.rb:63:in `call'
  railties (3.2.18) lib/rails/engine.rb:484:in `call'
  railties (3.2.18) lib/rails/application.rb:231:in `call'
  rack (1.4.5) lib/rack/content_length.rb:14:in `call'
  railties (3.2.18) lib/rails/rack/log_tailer.rb:17:in `call'
  rack (1.4.5) lib/rack/handler/webrick.rb:59:in `service'
  /home/action/.rvm/rubies/ruby-1.9.3-p551/lib/ruby/1.9.1/webrick/httpserver.rb:138:in `service'
  /home/action/.rvm/rubies/ruby-1.9.3-p551/lib/ruby/1.9.1/webrick/httpserver.rb:94:in `run'
  /home/action/.rvm/rubies/ruby-1.9.3-p551/lib/ruby/1.9.1/webrick/server.rb:191:in `block in start_thread'


  Rendered /home/action/.rvm/gems/ruby-1.9.3-p551/gems/actionpack-3.2.18/lib/action_dispatch/middleware/templates/rescues/routing_error.erb within rescues/layout (0.8ms)


Started GET "/index" for 93.70.142.50 at 2014-11-30 11:22:43 +0000

ActionController::RoutingError (No route matches [GET] "/index"):
  actionpack (3.2.18) lib/action_dispatch/middleware/debug_exceptions.rb:21:in `call'
  actionpack (3.2.18) lib/action_dispatch/middleware/show_exceptions.rb:56:in `call'
  railties (3.2.18) lib/rails/rack/logger.rb:32:in `call_app'
  railties (3.2.18) lib/rails/rack/logger.rb:16:in `block in call'
  activesupport (3.2.18) lib/active_support/tagged_logging.rb:22:in `tagged'
  railties (3.2.18) lib/rails/rack/logger.rb:16:in `call'
  actionpack (3.2.18) lib/action_dispatch/middleware/request_id.rb:22:in `call'
  rack (1.4.5) lib/rack/methodoverride.rb:21:in `call'
  rack (1.4.5) lib/rack/runtime.rb:17:in `call'
  activesupport (3.2.18) lib/active_support/cache/strategy/local_cache.rb:72:in `call'
  rack (1.4.5) lib/rack/lock.rb:15:in `call'
  actionpack (3.2.18) lib/action_dispatch/middleware/static.rb:63:in `call'
  railties (3.2.18) lib/rails/engine.rb:484:in `call'
  railties (3.2.18) lib/rails/application.rb:231:in `call'
  rack (1.4.5) lib/rack/content_length.rb:14:in `call'
  railties (3.2.18) lib/rails/rack/log_tailer.rb:17:in `call'
  rack (1.4.5) lib/rack/handler/webrick.rb:59:in `service'
  /home/action/.rvm/rubies/ruby-1.9.3-p551/lib/ruby/1.9.1/webrick/httpserver.rb:138:in `service'
  /home/action/.rvm/rubies/ruby-1.9.3-p551/lib/ruby/1.9.1/webrick/httpserver.rb:94:in `run'
  /home/action/.rvm/rubies/ruby-1.9.3-p551/lib/ruby/1.9.1/webrick/server.rb:191:in `block in start_thread'


  Rendered /home/action/.rvm/gems/ruby-1.9.3-p551/gems/actionpack-3.2.18/lib/action_dispatch/middleware/templates/rescues/routing_error.erb within rescues/layout (1.0ms)


Started GET "/" for 93.70.142.50 at 2014-11-30 11:22:49 +0000


Started GET "/movies" for 93.70.142.50 at 2014-11-30 11:22:49 +0000
Processing by MoviesController#index as HTML
  [1m[35mMovie Load (0.2ms)[0m  SELECT "movies".* FROM "movies" 
  Rendered movies/index.html.haml within layouts/application (3.9ms)
Completed 200 OK in 20.6ms (Views: 10.4ms | ActiveRecord: 0.8ms)


Started GET "/assets/jquery.js?body=1" for 93.70.142.50 at 2014-11-30 11:22:49 +0000
Served asset /jquery.js - 200 OK (1ms)


Started GET "/assets/jquery_ujs.js?body=1" for 93.70.142.50 at 2014-11-30 11:22:49 +0000
Served asset /jquery_ujs.js - 200 OK (0ms)


Started GET "/assets/application.js?body=1" for 93.70.142.50 at 2014-11-30 11:22:49 +0000
Served asset /application.js - 304 Not Modified (2ms)


Started GET "/movies/4" for 93.70.142.50 at 2014-11-30 11:23:14 +0000
Processing by MoviesController#show as HTML
  Parameters: {"id"=>"4"}
  [1m[36mMovie Load (0.3ms)[0m  [1mSELECT "movies".* FROM "movies" WHERE "movies"."id" = ? LIMIT 1[0m  [["id", "4"]]
  Rendered movies/show.html.haml within layouts/application (4.2ms)
Completed 200 OK in 12.7ms (Views: 10.1ms | ActiveRecord: 0.3ms)


Started GET "/assets/application.js?body=1" for 93.70.142.50 at 2014-11-30 11:23:14 +0000
Served asset /application.js - 304 Not Modified (1ms)


Started GET "/movies" for 93.70.142.50 at 2014-11-30 11:23:15 +0000
Processing by MoviesController#index as HTML
  [1m[35mMovie Load (0.3ms)[0m  SELECT "movies".* FROM "movies" 
  Rendered movies/index.html.haml within layouts/application (4.2ms)
Completed 200 OK in 12.6ms (Views: 11.1ms | ActiveRecord: 0.3ms)


Started GET "/assets/application.js?body=1" for 93.70.142.50 at 2014-11-30 11:23:16 +0000
Served asset /application.js - 304 Not Modified (1ms)


Started GET "/movies" for 66.249.81.190 at 2014-11-30 11:25:12 +0000
Processing by MoviesController#index as HTML
  [1m[36mMovie Load (0.4ms)[0m  [1mSELECT "movies".* FROM "movies" [0m
  Rendered movies/index.html.haml within layouts/application (4.3ms)
Completed 200 OK in 12.4ms (Views: 10.6ms | ActiveRecord: 0.4ms)


Started GET "/movies" for 66.249.93.172 at 2014-11-30 11:25:12 +0000
Processing by MoviesController#index as HTML
  [1m[35mMovie Load (0.3ms)[0m  SELECT "movies".* FROM "movies" 
  Rendered movies/index.html.haml within layouts/application (4.3ms)
Completed 200 OK in 12.5ms (Views: 10.9ms | ActiveRecord: 0.3ms)


Started GET "/assets/application.css?body=1" for 66.249.93.166 at 2014-11-30 11:25:12 +0000
Served asset /application.css - 200 OK (0ms)


Started GET "/assets/application.js?body=1" for 66.249.93.169 at 2014-11-30 11:25:12 +0000
Served asset /application.js - 200 OK (3ms)


Started GET "/assets/jquery.js?body=1" for 66.249.93.169 at 2014-11-30 11:25:12 +0000
Served asset /jquery.js - 200 OK (1ms)


Started GET "/assets/jquery_ujs.js?body=1" for 66.249.93.172 at 2014-11-30 11:25:12 +0000
Served asset /jquery_ujs.js - 200 OK (0ms)
